[2019-01-07 21:16:44] (INFO) Remove Feature: []
[2019-01-07 21:16:44] (INFO) Reading data...
[2019-01-07 21:16:47] (INFO) Selecting data...
[2019-01-07 21:16:47] (INFO) Loading partition file CH-cp/out/part-1.txt
[2019-01-07 21:16:47] (INFO) Training size = 141829, Validation size = 35412
[2019-01-07 21:16:47] (INFO) X input example: (size=124) 0.0,0.0,0.0,0.0,0.0,0.0,0.0,0.0,0.0,0.0,0.0,0.0,0.0,0.0,0.0,0.0,0.0,0.0,0.0,0.0,0.0,0.0,0.0,0.0,0.0,0.0,2.0,0.0,0.0,0.0,0.0,0.0,0.0,0.0,0.0,0.0,0.0,0.0,0.0,0.0,0.0,0.0,0.0,0.0,0.0,0.0,0.0,0.0,0.0,0.0,0.0,0.0,0.0,0.0,0.0,0.0,0.0,0.0,0.0,2.0,0.0,0.0,0.0,0.0,2.0,0.0,0.0,0.0,0.0,0.0,0.0,0.0,0.0,0.0,0.0,0.0,0.0,0.0,0.0,0.0,0.0,0.0,0.0,0.0,0.0,0.0,0.0,0.0,0.0,0.0,0.0,0.0,0.0,0.0,0.0,0.0,2.0,0.0,0.0,0.0,0.0,0.0,0.0,0.0,0.0,0.0,0.0,0.0,4.0,23.0,3.0,0.0,0.0,0.0,0.0,0.0,0.0,0.0,0.0,0.0,0.0,0.0,160.0,1.0
[2019-01-07 21:16:47] (INFO) Y input example: (size=1) 112.4
[2019-01-07 21:16:47] (INFO) Normalizing...
[2019-01-07 21:16:47] (INFO) Hidden layers = [32, 16, 8]
[2019-01-07 21:16:47] (INFO) optimizer = rms
[2019-01-07 21:16:47] (INFO) Initial learning rate = 0.010000
[2019-01-07 21:16:47] (INFO) L2 penalty = 0.001000
[2019-01-07 21:16:47] (INFO) Total 400 epochs
[2019-01-07 21:16:47] (INFO) Batch = (400 values x 500 steps)
[2019-01-07 21:16:47] (INFO) sobol index:[ 96  42  57  93  16  80  84  22  44   3  30   8  45   9 121   2   5 110
 107  27  72  89  78  81  58  43  36  60  90  55 119 115  48 118  14 114
  41  25 120  71  35 111  23  99  50  20  53  12   1  73  61  28  65  15
  94  77  87   6 101  74  64   0 117  56  17  97  47  46  37  98  26 106
  21  59  69  62  33  38 108 100 102  95  70 104  49  10 105  11  86  34
  82  13  88  63   4  19  40  85 103 109 112  75  29  39  83  54  91  76
  24  52  51  66 113  18  79   7 116  32  67  92  68  31]
[2019-01-07 21:16:47] (INFO) Start sobol trainning of dimension 60
[2019-01-07 21:16:48] (INFO) Using GPU acceleration
[2019-01-07 21:16:49] (INFO) Epoch        Loss  MeaSquE  MeaSigE  MeaUnsE  MaxRelE    Acc1%    Acc2%    Acc5%   Acc10%
[2019-01-07 21:16:55] (INFO) 10/400 6.517e+03 2.632e+03      9.8     11.4    120.0      7.1     13.7     33.3     60.3
[2019-01-07 21:17:00] (INFO) 20/400 2.880e+03 1.363e+03      6.9      8.2     80.5      7.7     15.9     38.9     70.2
[2019-01-07 21:17:06] (INFO) 30/400 9.814e+02 9.635e+02      2.2      6.4     85.2     10.9     21.9     51.7     81.8
[2019-01-07 21:17:11] (INFO) 40/400 4.968e+02 8.871e+02      3.6      6.2     44.1     11.8     23.5     51.5     81.7
[2019-01-07 21:17:16] (INFO) 50/400 6.940e+02 5.323e+02      3.4      5.1    103.5     15.2     29.2     62.5     88.2
[2019-01-07 21:17:22] (INFO) 60/400 1.235e+02 2.776e+02      1.6      3.5     88.4     22.4     42.3     78.8     95.2
[2019-01-07 21:17:27] (INFO) 70/400 9.613e+01 2.726e+02      1.6      3.5     91.0     23.1     43.6     79.6     95.4
[2019-01-07 21:17:33] (INFO) 80/400 8.464e+01 2.600e+02      1.4      3.4     86.3     23.9     45.0     80.4     95.7
[2019-01-07 21:17:38] (INFO) 90/400 6.988e+01 2.531e+02      1.3      3.3     83.2     24.6     46.1     81.1     95.8
[2019-01-07 21:17:44] (INFO) 100/400 5.935e+01 2.454e+02      1.2      3.2     83.2     25.2     47.1     81.8     95.8
[2019-01-07 21:17:49] (INFO) 110/400 5.524e+01 2.412e+02      1.0      3.2     80.6     25.4     47.5     82.2     95.9
[2019-01-07 21:17:54] (INFO) 120/400 5.684e+01 2.360e+02      0.8      3.1     79.3     25.9     48.3     82.4     95.9
[2019-01-07 21:18:00] (INFO) 130/400 4.325e+01 2.374e+02      0.9      3.2     87.4     25.8     48.2     82.5     95.9
[2019-01-07 21:18:05] (INFO) 140/400 3.864e+01 2.306e+02      0.9      3.1     86.4     25.7     48.3     82.2     95.9
[2019-01-07 21:18:11] (INFO) 150/400 4.468e+01 2.307e+02      0.9      3.2     92.0     26.2     48.7     82.3     95.8
[2019-01-07 21:18:17] (INFO) 160/400 3.391e+01 2.100e+02      0.4      3.0     87.1     29.1     51.8     83.8     96.3
[2019-01-07 21:18:22] (INFO) 170/400 3.268e+01 2.093e+02      0.4      3.0     86.8     29.1     52.0     83.9     96.3
[2019-01-07 21:18:27] (INFO) 180/400 3.224e+01 2.091e+02      0.4      3.0     86.5     29.2     52.1     83.9     96.3
[2019-01-07 21:18:35] (INFO) 190/400 3.191e+01 2.093e+02      0.4      3.0     86.1     29.2     52.2     83.9     96.3
[2019-01-07 21:18:43] (INFO) 200/400 3.166e+01 2.097e+02      0.4      3.0     86.0     29.3     52.2     83.9     96.3
[2019-01-07 21:18:50] (INFO) 210/400 3.152e+01 2.102e+02      0.4      3.0     86.0     29.3     52.1     84.0     96.3
[2019-01-07 21:18:58] (INFO) 220/400 3.150e+01 2.108e+02      0.4      3.0     86.0     29.3     52.2     84.0     96.3
[2019-01-07 21:19:04] (INFO) 230/400 3.160e+01 2.115e+02      0.4      3.0     86.0     29.3     52.2     84.1     96.2
[2019-01-07 21:19:10] (INFO) 240/400 3.176e+01 2.124e+02      0.4      3.0     85.9     29.3     52.2     84.1     96.2
[2019-01-07 21:19:16] (INFO) 250/400 3.187e+01 2.134e+02      0.4      3.0     85.8     29.3     52.3     84.1     96.2
[2019-01-07 21:19:22] (INFO) 260/400 3.197e+01 2.146e+02      0.4      3.0     85.7     29.3     52.3     84.2     96.2
[2019-01-07 21:19:27] (INFO) 270/400 3.202e+01 2.156e+02      0.4      3.0     85.8     29.3     52.3     84.2     96.2
[2019-01-07 21:19:31] (INFO) 280/400 3.205e+01 2.163e+02      0.4      3.0     85.7     29.3     52.4     84.2     96.2
[2019-01-07 21:19:36] (INFO) 290/400 3.211e+01 2.168e+02      0.4      3.0     85.5     29.4     52.4     84.1     96.2
[2019-01-07 21:19:41] (INFO) 300/400 3.213e+01 2.172e+02      0.4      3.0     85.4     29.4     52.4     84.1     96.2
[2019-01-07 21:19:46] (INFO) 310/400 3.206e+01 2.175e+02      0.4      3.0     85.3     29.4     52.4     84.1     96.2
[2019-01-07 21:19:52] (INFO) 320/400 3.205e+01 2.178e+02      0.4      3.0     85.3     29.4     52.5     84.1     96.2
[2019-01-07 21:19:57] (INFO) 330/400 3.200e+01 2.181e+02      0.4      3.0     85.2     29.4     52.5     84.1     96.2
[2019-01-07 21:20:02] (INFO) 340/400 3.207e+01 2.183e+02      0.4      3.0     85.2     29.4     52.5     84.1     96.2
[2019-01-07 21:20:07] (INFO) 350/400 3.205e+01 2.183e+02      0.4      3.0     85.1     29.3     52.5     84.1     96.2
[2019-01-07 21:20:12] (INFO) 360/400 3.198e+01 2.184e+02      0.4      3.0     85.1     29.3     52.5     84.1     96.2
[2019-01-07 21:20:17] (INFO) 370/400 3.195e+01 2.185e+02      0.4      3.0     85.1     29.3     52.5     84.1     96.2
[2019-01-07 21:20:23] (INFO) 380/400 3.191e+01 2.185e+02      0.4      3.0     85.1     29.3     52.5     84.1     96.2
[2019-01-07 21:20:29] (INFO) 390/400 3.179e+01 2.185e+02      0.4      3.0     85.2     29.3     52.5     84.1     96.2
[2019-01-07 21:20:34] (INFO) 400/400 3.164e+01 2.185e+02      0.4      3.0     85.2     29.3     52.5     84.1     96.2
[2019-01-07 21:20:34] (INFO) sobol reduced result of dimension 60 :
[2019-01-07 21:20:34] (INFO) acc2: 52.471,	 MSE 218.468 
[2019-01-07 21:20:34] (INFO) Start sobol trainning of dimension 65
[2019-01-07 21:20:34] (INFO) Using GPU acceleration
[2019-01-07 21:20:35] (INFO) Epoch        Loss  MeaSquE  MeaSigE  MeaUnsE  MaxRelE    Acc1%    Acc2%    Acc5%   Acc10%
[2019-01-07 21:20:39] (INFO) 10/400 3.060e+03 1.736e+03      6.5      9.8    104.2      7.5     15.9     36.3     63.3
[2019-01-07 21:20:45] (INFO) 20/400 8.850e+02 6.240e+02      1.0      5.6     87.6     10.7     22.2     53.9     86.2
[2019-01-07 21:20:51] (INFO) 30/400 1.326e+03 6.966e+02      3.0      5.7     87.5     10.5     21.0     52.3     86.7
[2019-01-07 21:20:56] (INFO) 40/400 3.610e+02 4.239e+02      0.9      4.4     62.1     14.6     28.4     64.9     93.6
[2019-01-07 21:21:02] (INFO) 50/400 1.268e+03 3.550e+02      2.3      4.1     54.3     16.7     33.4     71.8     93.6
[2019-01-07 21:21:08] (INFO) 60/400 2.274e+02 1.200e+02      0.0      2.3     34.7     31.1     56.5     89.9     98.4
[2019-01-07 21:21:14] (INFO) 70/400 1.782e+02 1.309e+02     -0.2      2.2     34.6     33.1     58.9     90.3     98.5
[2019-01-07 21:21:20] (INFO) 80/400 1.527e+02 1.786e+02     -0.4      2.2     53.3     34.1     60.0     90.7     98.6
[2019-01-07 21:21:26] (INFO) 90/400 1.312e+02 1.742e+02     -0.5      2.2     51.4     34.8     60.7     91.0     98.7
[2019-01-07 21:21:32] (INFO) 100/400 1.215e+02 1.921e+02     -0.5      2.2     55.0     35.3     61.1     91.3     98.7
[2019-01-07 21:21:38] (INFO) 110/400 1.195e+02 1.562e+02     -0.5      2.1     42.7     35.8     61.5     91.6     98.8
[2019-01-07 21:21:44] (INFO) 120/400 1.200e+02 1.394e+02     -0.6      2.1     36.3     36.2     61.5     91.8     98.9
[2019-01-07 21:21:50] (INFO) 130/400 1.091e+02 1.237e+02     -0.6      2.1     36.3     36.5     62.0     92.0     98.9
[2019-01-07 21:21:55] (INFO) 140/400 1.172e+02 1.394e+02     -0.8      2.1     36.4     35.4     61.3     91.9     98.8
[2019-01-07 21:22:01] (INFO) 150/400 1.037e+02 1.230e+02     -0.7      2.1     36.6     35.5     61.7     92.4     99.0
[2019-01-07 21:22:09] (INFO) 160/400 9.045e+01 1.239e+02     -0.2      2.0     38.1     39.1     66.3     93.2     98.9
[2019-01-07 21:22:17] (INFO) 170/400 8.538e+01 1.236e+02     -0.2      1.9     38.2     39.6     66.6     93.3     99.0
[2019-01-07 21:22:25] (INFO) 180/400 8.271e+01 1.237e+02     -0.1      1.9     38.2     39.9     66.8     93.3     99.0
[2019-01-07 21:22:33] (INFO) 190/400 8.110e+01 1.240e+02     -0.1      1.9     38.2     40.1     66.9     93.3     99.0
[2019-01-07 21:22:41] (INFO) 200/400 8.013e+01 1.245e+02     -0.1      1.9     38.3     40.3     67.0     93.4     99.0
[2019-01-07 21:22:49] (INFO) 210/400 7.952e+01 1.250e+02     -0.1      1.9     38.3     40.4     67.0     93.4     99.0
[2019-01-07 21:22:57] (INFO) 220/400 7.911e+01 1.257e+02     -0.1      1.9     38.3     40.5     67.1     93.4     98.9
[2019-01-07 21:23:03] (INFO) 230/400 7.886e+01 1.265e+02     -0.1      1.9     38.3     40.5     67.1     93.4     98.9
[2019-01-07 21:23:09] (INFO) 240/400 7.875e+01 1.274e+02     -0.1      1.9     38.3     40.6     67.1     93.4     98.9
[2019-01-07 21:23:15] (INFO) 250/400 7.876e+01 1.286e+02     -0.1      1.9     38.3     40.6     67.2     93.4     98.9
[2019-01-07 21:23:21] (INFO) 260/400 7.885e+01 1.297e+02     -0.1      1.9     38.3     40.7     67.2     93.4     98.9
[2019-01-07 21:23:27] (INFO) 270/400 7.899e+01 1.309e+02     -0.1      1.9     38.3     40.7     67.2     93.4     98.9
[2019-01-07 21:23:33] (INFO) 280/400 7.914e+01 1.308e+02     -0.1      1.9     38.3     40.7     67.2     93.4     98.9
[2019-01-07 21:23:39] (INFO) 290/400 7.932e+01 1.315e+02     -0.1      1.9     38.3     40.8     67.3     93.4     98.9
[2019-01-07 21:23:44] (INFO) 300/400 7.951e+01 1.330e+02     -0.1      1.9     38.3     40.9     67.4     93.4     98.9
[2019-01-07 21:23:52] (INFO) 310/400 7.969e+01 1.341e+02     -0.1      1.9     38.3     40.9     67.4     93.4     98.9
[2019-01-07 21:24:00] (INFO) 320/400 7.989e+01 1.355e+02     -0.1      1.9     38.3     40.9     67.4     93.4     98.9
[2019-01-07 21:24:08] (INFO) 330/400 8.009e+01 1.368e+02     -0.1      1.9     38.3     40.9     67.4     93.4     98.9
[2019-01-07 21:24:17] (INFO) 340/400 8.026e+01 1.364e+02     -0.1      1.9     38.3     40.9     67.4     93.4     98.9
[2019-01-07 21:24:23] (INFO) 350/400 8.044e+01 1.387e+02     -0.1      1.9     38.2     41.0     67.4     93.3     98.9
[2019-01-07 21:24:29] (INFO) 360/400 8.067e+01 1.383e+02     -0.1      1.9     38.2     41.0     67.5     93.3     98.9
[2019-01-07 21:24:34] (INFO) 370/400 8.086e+01 1.408e+02     -0.1      1.9     38.2     41.1     67.5     93.3     98.9
[2019-01-07 21:24:40] (INFO) 380/400 8.113e+01 1.408e+02     -0.1      1.9     38.2     41.1     67.6     93.3     98.9
[2019-01-07 21:24:46] (INFO) 390/400 8.142e+01 1.428e+02     -0.1      1.9     38.2     41.1     67.6     93.3     98.9
[2019-01-07 21:24:54] (INFO) 400/400 8.173e+01 1.429e+02     -0.1      1.9     38.2     41.1     67.5     93.3     98.9
[2019-01-07 21:24:54] (INFO) sobol reduced result of dimension 65 :
[2019-01-07 21:24:54] (INFO) acc2: 67.536,	 MSE 142.933 
[2019-01-07 21:24:54] (INFO) Start sobol trainning of dimension 70
[2019-01-07 21:24:54] (INFO) Using GPU acceleration
[2019-01-07 21:24:55] (INFO) Epoch        Loss  MeaSquE  MeaSigE  MeaUnsE  MaxRelE    Acc1%    Acc2%    Acc5%   Acc10%
[2019-01-07 21:24:59] (INFO) 10/400 6.849e+02 8.670e+02      3.4      6.5     54.4     12.5     23.8     52.0     79.4
[2019-01-07 21:25:04] (INFO) 20/400 4.330e+02 9.187e+02      4.0      6.2     50.9      9.9     20.0     48.7     82.1
[2019-01-07 21:25:09] (INFO) 30/400 3.100e+02 3.404e+02     -0.5      4.0     33.7     16.7     33.0     70.2     93.6
[2019-01-07 21:25:14] (INFO) 40/400 1.918e+02 3.828e+02      1.9      4.0     37.3     17.6     34.2     71.5     93.6
[2019-01-07 21:25:19] (INFO) 50/400 1.738e+02 3.102e+02      1.7      3.7     34.3     17.1     34.1     73.6     96.5
[2019-01-07 21:25:25] (INFO) 60/400 9.562e+01 1.047e+02      0.2      2.2     35.5     32.1     58.1     91.5     99.0
[2019-01-07 21:25:31] (INFO) 70/400 8.270e+01 9.645e+01      0.1      2.1     35.1     33.8     60.0     92.4     99.2
[2019-01-07 21:25:37] (INFO) 80/400 7.613e+01 9.037e+01     -0.0      2.0     34.9     34.7     61.3     93.0     99.3
[2019-01-07 21:25:43] (INFO) 90/400 7.260e+01 8.861e+01     -0.1      2.0     35.0     35.3     62.2     93.1     99.2
[2019-01-07 21:25:49] (INFO) 100/400 6.650e+01 8.774e+01     -0.1      2.0     34.6     35.8     63.1     93.2     99.2
[2019-01-07 21:25:55] (INFO) 110/400 5.890e+01 8.672e+01     -0.0      2.0     34.4     36.3     63.8     93.4     99.3
[2019-01-07 21:26:01] (INFO) 120/400 6.077e+01 8.505e+01     -0.1      1.9     33.9     36.6     64.0     93.6     99.3
[2019-01-07 21:26:07] (INFO) 130/400 6.026e+01 8.548e+01     -0.2      1.9     34.4     36.8     64.1     93.8     99.3
[2019-01-07 21:26:13] (INFO) 140/400 5.645e+01 8.601e+01     -0.1      1.9     34.8     37.0     64.7     93.9     99.3
[2019-01-07 21:26:19] (INFO) 150/400 5.448e+01 8.531e+01     -0.1      1.9     35.2     37.3     65.2     93.9     99.3
[2019-01-07 21:26:25] (INFO) 160/400 5.019e+01 7.690e+01     -0.1      1.8     36.9     41.5     67.9     94.4     99.3
[2019-01-07 21:26:31] (INFO) 170/400 4.937e+01 7.614e+01     -0.0      1.8     37.4     41.9     68.3     94.5     99.4
[2019-01-07 21:26:37] (INFO) 180/400 4.935e+01 7.560e+01     -0.0      1.8     37.8     42.1     68.5     94.5     99.4
[2019-01-07 21:26:43] (INFO) 190/400 4.933e+01 7.516e+01     -0.0      1.8     37.9     42.4     68.6     94.5     99.4
[2019-01-07 21:26:50] (INFO) 200/400 4.922e+01 7.476e+01     -0.0      1.8     37.9     42.7     68.7     94.5     99.4
[2019-01-07 21:26:56] (INFO) 210/400 4.905e+01 7.443e+01     -0.0      1.8     37.9     42.8     68.8     94.5     99.4
[2019-01-07 21:27:02] (INFO) 220/400 4.886e+01 7.415e+01     -0.0      1.8     37.7     42.9     68.8     94.5     99.4
[2019-01-07 21:27:08] (INFO) 230/400 4.865e+01 7.389e+01     -0.0      1.8     37.6     43.0     68.9     94.5     99.4
[2019-01-07 21:27:16] (INFO) 240/400 4.845e+01 7.365e+01     -0.0      1.8     37.4     43.2     69.0     94.5     99.4
[2019-01-07 21:27:24] (INFO) 250/400 4.821e+01 7.343e+01     -0.0      1.7     37.2     43.3     69.1     94.5     99.4
[2019-01-07 21:27:33] (INFO) 260/400 4.794e+01 7.323e+01     -0.0      1.7     37.0     43.3     69.2     94.5     99.4
[2019-01-07 21:27:41] (INFO) 270/400 4.765e+01 7.305e+01     -0.0      1.7     36.7     43.3     69.2     94.5     99.4
[2019-01-07 21:27:50] (INFO) 280/400 4.742e+01 7.290e+01     -0.0      1.7     36.5     43.4     69.3     94.6     99.4
[2019-01-07 21:27:58] (INFO) 290/400 4.714e+01 7.273e+01     -0.0      1.7     36.2     43.4     69.3     94.6     99.4
[2019-01-07 21:28:06] (INFO) 300/400 4.682e+01 7.258e+01     -0.0      1.7     35.9     43.5     69.3     94.6     99.4
[2019-01-07 21:28:15] (INFO) 310/400 4.651e+01 7.243e+01     -0.0      1.7     35.6     43.5     69.4     94.6     99.4
[2019-01-07 21:28:23] (INFO) 320/400 4.620e+01 7.230e+01     -0.0      1.7     35.3     43.5     69.4     94.6     99.4
[2019-01-07 21:28:31] (INFO) 330/400 4.588e+01 7.218e+01     -0.0      1.7     35.0     43.5     69.5     94.6     99.4
[2019-01-07 21:28:39] (INFO) 340/400 4.551e+01 7.207e+01     -0.0      1.7     34.7     43.5     69.5     94.6     99.4
[2019-01-07 21:28:48] (INFO) 350/400 4.513e+01 7.196e+01     -0.0      1.7     34.4     43.5     69.5     94.6     99.4
[2019-01-07 21:28:56] (INFO) 360/400 4.472e+01 7.188e+01     -0.0      1.7     34.1     43.5     69.6     94.6     99.4
[2019-01-07 21:29:04] (INFO) 370/400 4.428e+01 7.181e+01     -0.0      1.7     33.8     43.4     69.6     94.6     99.4
[2019-01-07 21:29:13] (INFO) 380/400 4.382e+01 7.176e+01     -0.0      1.7     33.8     43.5     69.6     94.6     99.4
[2019-01-07 21:29:21] (INFO) 390/400 4.343e+01 7.170e+01     -0.0      1.7     33.8     43.5     69.7     94.6     99.4
[2019-01-07 21:29:29] (INFO) 400/400 4.312e+01 7.166e+01     -0.0      1.7     33.7     43.6     69.7     94.6     99.4
[2019-01-07 21:29:29] (INFO) sobol reduced result of dimension 70 :
[2019-01-07 21:29:29] (INFO) acc2: 69.714,	 MSE 71.664 
[2019-01-07 21:29:29] (INFO) Start sobol trainning of dimension 75
[2019-01-07 21:29:29] (INFO) Using GPU acceleration
[2019-01-07 21:29:29] (INFO) Epoch        Loss  MeaSquE  MeaSigE  MeaUnsE  MaxRelE    Acc1%    Acc2%    Acc5%   Acc10%
[2019-01-07 21:29:34] (INFO) 10/400 9.895e+02 1.298e+03      5.5      8.2    108.9      9.0     17.3     39.6     70.1
[2019-01-07 21:29:39] (INFO) 20/400 4.525e+02 1.278e+03      7.5      8.7    115.0      6.7     13.7     35.2     69.1
[2019-01-07 21:29:46] (INFO) 30/400 4.291e+02 7.457e+02      4.9      6.4     74.6     11.1     22.3     53.8     82.4
[2019-01-07 21:29:52] (INFO) 40/400 3.939e+02 4.545e+02      2.5      4.8     67.9     15.9     30.7     64.2     89.5
[2019-01-07 21:29:58] (INFO) 50/400 2.676e+02 4.055e+02      2.9      4.4     59.9     15.1     29.5     66.0     93.3
[2019-01-07 21:30:04] (INFO) 60/400 7.202e+01 1.316e+02      0.8      2.4     56.9     32.8     58.6     90.5     97.9
[2019-01-07 21:30:11] (INFO) 70/400 4.534e+01 1.244e+02      0.6      2.2     56.9     34.8     61.6     91.3     98.2
[2019-01-07 21:30:17] (INFO) 80/400 3.789e+01 1.183e+02      0.4      2.2     56.8     35.9     63.4     91.8     98.3
[2019-01-07 21:30:23] (INFO) 90/400 3.478e+01 1.146e+02      0.5      2.1     58.3     36.6     64.3     92.1     98.4
[2019-01-07 21:30:29] (INFO) 100/400 3.324e+01 1.139e+02      0.4      2.1     60.2     37.2     65.2     92.2     98.4
[2019-01-07 21:30:35] (INFO) 110/400 3.137e+01 1.142e+02      0.3      2.1     60.9     37.7     65.4     92.4     98.5
[2019-01-07 21:30:40] (INFO) 120/400 2.999e+01 1.084e+02      0.3      2.0     60.6     38.2     65.7     92.6     98.6
[2019-01-07 21:30:48] (INFO) 130/400 3.479e+01 1.052e+02      0.2      2.0     59.9     38.3     66.1     92.7     98.6
[2019-01-07 21:30:56] (INFO) 140/400 3.338e+01 1.082e+02      0.4      2.0     60.0     38.0     66.3     92.7     98.6
[2019-01-07 21:31:04] (INFO) 150/400 3.208e+01 1.107e+02      0.6      2.0     59.9     37.5     65.9     92.6     98.6
[2019-01-07 21:31:13] (INFO) 160/400 2.812e+01 9.675e+01      0.0      1.9     59.3     41.5     68.4     93.4     98.8
[2019-01-07 21:31:21] (INFO) 170/400 2.553e+01 9.628e+01      0.0      1.9     59.1     41.6     68.5     93.4     98.8
[2019-01-07 21:31:29] (INFO) 180/400 2.476e+01 9.597e+01      0.0      1.9     58.9     41.8     68.6     93.4     98.8
[2019-01-07 21:31:38] (INFO) 190/400 2.425e+01 9.572e+01      0.0      1.9     58.8     41.8     68.6     93.4     98.8
[2019-01-07 21:31:46] (INFO) 200/400 2.383e+01 9.541e+01      0.0      1.9     58.7     41.9     68.7     93.5     98.8
[2019-01-07 21:31:54] (INFO) 210/400 2.347e+01 9.513e+01      0.0      1.9     58.6     42.0     68.8     93.4     98.8
[2019-01-07 21:32:03] (INFO) 220/400 2.317e+01 9.489e+01      0.0      1.9     58.6     42.1     68.9     93.5     98.9
[2019-01-07 21:32:11] (INFO) 230/400 2.287e+01 9.472e+01      0.0      1.9     58.5     42.1     68.9     93.4     98.9
[2019-01-07 21:32:19] (INFO) 240/400 2.258e+01 9.462e+01      0.0      1.9     58.5     42.1     68.9     93.5     98.9
[2019-01-07 21:32:28] (INFO) 250/400 2.230e+01 9.456e+01      0.0      1.9     58.4     42.1     68.9     93.5     98.9
[2019-01-07 21:32:36] (INFO) 260/400 2.207e+01 9.458e+01      0.0      1.9     58.4     42.1     68.9     93.4     98.9
[2019-01-07 21:32:44] (INFO) 270/400 2.183e+01 9.466e+01      0.0      1.9     58.4     42.1     68.9     93.5     98.9
[2019-01-07 21:32:52] (INFO) 280/400 2.159e+01 9.474e+01      0.0      1.9     58.3     42.1     68.9     93.4     98.8
[2019-01-07 21:33:01] (INFO) 290/400 2.136e+01 9.479e+01      0.0      1.9     58.3     42.1     68.9     93.5     98.8
[2019-01-07 21:33:09] (INFO) 300/400 2.113e+01 9.479e+01      0.0      1.9     58.2     42.2     68.9     93.5     98.9
[2019-01-07 21:33:17] (INFO) 310/400 2.092e+01 9.482e+01      0.0      1.9     58.2     42.2     68.9     93.5     98.9
[2019-01-07 21:33:25] (INFO) 320/400 2.073e+01 9.483e+01      0.0      1.9     58.1     42.3     68.9     93.5     98.9
[2019-01-07 21:33:34] (INFO) 330/400 2.054e+01 9.486e+01      0.0      1.9     58.1     42.3     68.9     93.5     98.9
[2019-01-07 21:33:42] (INFO) 340/400 2.034e+01 9.486e+01      0.0      1.9     58.0     42.3     68.9     93.5     98.9
[2019-01-07 21:33:50] (INFO) 350/400 2.016e+01 9.487e+01      0.0      1.9     58.0     42.3     68.9     93.5     98.9
[2019-01-07 21:33:58] (INFO) 360/400 1.999e+01 9.486e+01      0.0      1.9     58.0     42.4     68.9     93.5     98.9
[2019-01-07 21:34:04] (INFO) 370/400 1.985e+01 9.481e+01      0.0      1.9     58.0     42.4     68.9     93.6     98.8
[2019-01-07 21:34:10] (INFO) 380/400 1.973e+01 9.479e+01      0.0      1.9     58.0     42.4     68.9     93.6     98.9
[2019-01-07 21:34:16] (INFO) 390/400 1.964e+01 9.476e+01      0.0      1.9     58.0     42.4     69.0     93.6     98.9
[2019-01-07 21:34:22] (INFO) 400/400 1.955e+01 9.476e+01      0.0      1.9     58.0     42.4     69.0     93.6     98.9
[2019-01-07 21:34:22] (INFO) sobol reduced result of dimension 75 :
[2019-01-07 21:34:22] (INFO) acc2: 69.013,	 MSE 94.757 
[2019-01-07 21:34:22] (INFO) Start sobol trainning of dimension 80
[2019-01-07 21:34:22] (INFO) Using GPU acceleration
[2019-01-07 21:34:22] (INFO) Epoch        Loss  MeaSquE  MeaSigE  MeaUnsE  MaxRelE    Acc1%    Acc2%    Acc5%   Acc10%
[2019-01-07 21:34:28] (INFO) 10/400 3.663e+03 1.105e+03      3.7      7.9     74.1      9.6     18.8     42.0     70.5
[2019-01-07 21:34:34] (INFO) 20/400 1.827e+03 9.462e+02      4.5      7.1     88.6     11.2     21.9     50.2     79.8
[2019-01-07 21:34:39] (INFO) 30/400 8.547e+02 6.957e+02      3.0      5.6     55.2     10.8     21.8     54.3     87.2
[2019-01-07 21:34:47] (INFO) 40/400 9.702e+02 6.771e+02      5.3      6.1     86.3     10.2     20.2     49.9     84.1
[2019-01-07 21:34:53] (INFO) 50/400 1.786e+02 2.718e+02     -0.9      3.4     34.1     22.6     42.6     78.5     95.3
[2019-01-07 21:34:59] (INFO) 60/400 9.942e+01 1.335e+02      1.0      2.4     34.7     31.9     57.3     89.7     98.0
[2019-01-07 21:35:05] (INFO) 70/400 8.028e+01 1.306e+02      1.0      2.3     31.2     31.9     57.7     90.5     98.2
[2019-01-07 21:35:11] (INFO) 80/400 6.994e+01 1.249e+02      0.8      2.2     29.6     32.9     59.3     91.0     98.2
[2019-01-07 21:35:17] (INFO) 90/400 6.109e+01 1.199e+02      0.6      2.2     31.3     34.1     60.5     91.3     98.4
[2019-01-07 21:35:23] (INFO) 100/400 5.159e+01 1.204e+02      0.8      2.2     36.2     34.0     60.3     91.3     98.5
[2019-01-07 21:35:30] (INFO) 110/400 4.724e+01 1.134e+02      0.5      2.1     34.6     36.2     62.3     91.6     98.6
[2019-01-07 21:35:36] (INFO) 120/400 4.296e+01 1.107e+02      0.4      2.1     35.7     36.6     62.9     91.9     98.5
[2019-01-07 21:35:42] (INFO) 130/400 4.101e+01 1.109e+02      0.7      2.1     33.4     35.8     61.9     91.8     98.6
[2019-01-07 21:35:49] (INFO) 140/400 3.926e+01 1.091e+02      0.6      2.1     32.0     36.0     62.2     91.9     98.5
[2019-01-07 21:35:55] (INFO) 150/400 4.085e+01 1.083e+02      0.7      2.1     32.0     35.5     62.0     92.1     98.6
[2019-01-07 21:36:01] (INFO) 160/400 3.972e+01 9.476e+01     -0.0      1.9     31.3     39.7     66.8     93.1     98.7
[2019-01-07 21:36:07] (INFO) 170/400 3.861e+01 9.430e+01     -0.0      1.9     31.2     39.9     67.0     93.1     98.7
[2019-01-07 21:36:13] (INFO) 180/400 3.805e+01 9.406e+01     -0.0      1.9     31.2     40.0     67.0     93.1     98.7
[2019-01-07 21:36:19] (INFO) 190/400 3.751e+01 9.384e+01     -0.0      1.9     31.1     40.2     67.2     93.2     98.7
[2019-01-07 21:36:25] (INFO) 200/400 3.698e+01 9.361e+01     -0.0      1.9     31.1     40.2     67.3     93.2     98.7
[2019-01-07 21:36:31] (INFO) 210/400 3.637e+01 9.341e+01     -0.0      1.9     31.0     40.3     67.4     93.2     98.7
[2019-01-07 21:36:38] (INFO) 220/400 3.582e+01 9.321e+01     -0.0      1.9     31.0     40.3     67.5     93.2     98.7
[2019-01-07 21:36:44] (INFO) 230/400 3.535e+01 9.299e+01     -0.0      1.9     31.0     40.3     67.5     93.2     98.7
[2019-01-07 21:36:50] (INFO) 240/400 3.491e+01 9.276e+01     -0.0      1.9     31.0     40.4     67.6     93.2     98.7
[2019-01-07 21:36:55] (INFO) 250/400 3.461e+01 9.255e+01     -0.0      1.9     31.0     40.4     67.7     93.2     98.7
[2019-01-07 21:37:00] (INFO) 260/400 3.440e+01 9.232e+01     -0.1      1.9     30.9     40.4     67.7     93.3     98.7
[2019-01-07 21:37:04] (INFO) 270/400 3.422e+01 9.211e+01     -0.0      1.9     30.9     40.5     67.7     93.3     98.7
[2019-01-07 21:37:10] (INFO) 280/400 3.413e+01 9.193e+01     -0.0      1.9     30.9     40.5     67.8     93.3     98.8
[2019-01-07 21:37:16] (INFO) 290/400 3.409e+01 9.168e+01     -0.0      1.9     30.9     40.5     67.9     93.3     98.8
[2019-01-07 21:37:23] (INFO) 300/400 3.399e+01 9.136e+01     -0.0      1.9     30.9     40.7     67.9     93.3     98.8
[2019-01-07 21:37:29] (INFO) 310/400 3.388e+01 9.108e+01     -0.0      1.9     30.8     40.8     68.0     93.4     98.8
[2019-01-07 21:37:35] (INFO) 320/400 3.373e+01 9.082e+01     -0.0      1.9     30.8     40.9     68.1     93.4     98.8
[2019-01-07 21:37:41] (INFO) 330/400 3.353e+01 9.062e+01     -0.0      1.9     30.7     41.0     68.2     93.4     98.8
[2019-01-07 21:37:47] (INFO) 340/400 3.328e+01 9.046e+01     -0.0      1.9     30.7     41.1     68.2     93.4     98.8
[2019-01-07 21:37:53] (INFO) 350/400 3.306e+01 9.032e+01     -0.0      1.9     30.6     41.2     68.3     93.4     98.8
[2019-01-07 21:37:59] (INFO) 360/400 3.284e+01 9.017e+01     -0.0      1.9     30.5     41.3     68.3     93.4     98.8
[2019-01-07 21:38:05] (INFO) 370/400 3.259e+01 9.006e+01     -0.0      1.9     30.5     41.3     68.4     93.4     98.8
[2019-01-07 21:38:11] (INFO) 380/400 3.234e+01 8.998e+01     -0.0      1.9     30.4     41.4     68.4     93.4     98.8
[2019-01-07 21:38:18] (INFO) 390/400 3.204e+01 8.989e+01     -0.0      1.9     30.3     41.4     68.4     93.4     98.8
[2019-01-07 21:38:24] (INFO) 400/400 3.170e+01 8.982e+01     -0.0      1.9     30.2     41.3     68.4     93.4     98.8
[2019-01-07 21:38:24] (INFO) sobol reduced result of dimension 80 :
[2019-01-07 21:38:24] (INFO) acc2: 68.437,	 MSE 89.815 
[2019-01-07 21:38:24] (INFO) Start sobol trainning of dimension 85
[2019-01-07 21:38:25] (INFO) Using GPU acceleration
[2019-01-07 21:38:25] (INFO) Epoch        Loss  MeaSquE  MeaSigE  MeaUnsE  MaxRelE    Acc1%    Acc2%    Acc5%   Acc10%
[2019-01-07 21:38:31] (INFO) 10/400 7.597e+02 2.148e+03     10.4     10.9     62.1      4.2      8.3     21.4     49.8
[2019-01-07 21:38:37] (INFO) 20/400 5.009e+02 5.257e+02      3.4      5.3     72.3     13.2     26.0     58.3     87.7
[2019-01-07 21:38:43] (INFO) 30/400 2.536e+02 6.119e+02      4.7      6.1     62.5     10.6     21.2     51.0     83.5
[2019-01-07 21:38:49] (INFO) 40/400 4.605e+02 4.881e+02      4.3      5.5     51.4     11.9     24.0     57.1     87.1
[2019-01-07 21:38:55] (INFO) 50/400 3.819e+02 3.895e+02      2.2      4.4     48.5     16.9     32.8     67.0     90.8
[2019-01-07 21:39:01] (INFO) 60/400 6.660e+01 1.064e+02      0.9      2.2     46.6     30.7     56.5     92.3     99.0
[2019-01-07 21:39:07] (INFO) 70/400 4.534e+01 9.832e+01      0.9      2.1     46.4     32.3     59.5     92.9     99.0
[2019-01-07 21:39:13] (INFO) 80/400 3.669e+01 9.443e+01      0.8      2.1     45.8     33.0     60.6     93.2     99.0
[2019-01-07 21:39:19] (INFO) 90/400 3.039e+01 9.158e+01      0.8      2.0     45.2     33.7     61.9     93.4     99.1
[2019-01-07 21:39:25] (INFO) 100/400 2.531e+01 9.226e+01      0.9      2.0     44.7     33.8     62.2     93.4     99.1
[2019-01-07 21:39:32] (INFO) 110/400 2.757e+01 8.893e+01      0.8      2.0     44.4     34.2     62.8     93.8     99.2
[2019-01-07 21:39:40] (INFO) 120/400 2.805e+01 9.051e+01      0.7      2.0     44.0     34.6     63.2     93.6     99.1
[2019-01-07 21:39:47] (INFO) 130/400 2.722e+01 8.328e+01      0.5      1.9     43.4     36.8     65.4     93.9     99.1
[2019-01-07 21:39:55] (INFO) 140/400 2.763e+01 8.095e+01      0.4      1.9     42.9     37.8     66.3     93.8     99.0
[2019-01-07 21:40:03] (INFO) 150/400 4.164e+01 8.725e+01      0.5      2.0     42.5     35.9     64.8     93.3     98.9
[2019-01-07 21:40:10] (INFO) 160/400 2.377e+01 7.384e+01      0.5      1.8     43.0     42.4     70.2     94.5     99.0
[2019-01-07 21:40:18] (INFO) 170/400 2.203e+01 7.336e+01      0.4      1.8     43.1     42.9     70.5     94.5     99.0
[2019-01-07 21:40:25] (INFO) 180/400 2.118e+01 7.317e+01      0.4      1.8     43.0     43.2     70.7     94.6     99.0
[2019-01-07 21:40:31] (INFO) 190/400 2.063e+01 7.307e+01      0.4      1.8     42.9     43.4     70.8     94.6     99.0
[2019-01-07 21:40:37] (INFO) 200/400 2.032e+01 7.299e+01      0.4      1.8     42.7     43.7     71.0     94.6     99.0
[2019-01-07 21:40:43] (INFO) 210/400 2.014e+01 7.292e+01      0.4      1.8     42.6     43.8     71.1     94.6     99.0
[2019-01-07 21:40:49] (INFO) 220/400 2.003e+01 7.288e+01      0.4      1.8     42.3     43.9     71.2     94.6     99.0
[2019-01-07 21:40:55] (INFO) 230/400 1.996e+01 7.287e+01      0.4      1.8     42.1     44.1     71.2     94.6     99.0
[2019-01-07 21:41:00] (INFO) 240/400 1.993e+01 7.289e+01      0.4      1.7     41.8     44.2     71.3     94.6     99.0
[2019-01-07 21:41:06] (INFO) 250/400 1.993e+01 7.296e+01      0.4      1.7     41.4     44.3     71.4     94.6     99.0
[2019-01-07 21:41:12] (INFO) 260/400 1.995e+01 7.304e+01      0.3      1.7     41.0     44.4     71.5     94.6     99.0
[2019-01-07 21:41:18] (INFO) 270/400 1.997e+01 7.312e+01      0.3      1.7     40.7     44.5     71.5     94.6     99.0
[2019-01-07 21:41:24] (INFO) 280/400 2.000e+01 7.319e+01      0.3      1.7     40.3     44.6     71.6     94.6     99.0
[2019-01-07 21:41:30] (INFO) 290/400 2.003e+01 7.329e+01      0.3      1.7     39.9     44.7     71.6     94.6     98.9
[2019-01-07 21:41:36] (INFO) 300/400 2.005e+01 7.339e+01      0.3      1.7     39.6     44.8     71.7     94.6     98.9
[2019-01-07 21:41:42] (INFO) 310/400 2.005e+01 7.354e+01      0.3      1.7     39.2     44.9     71.7     94.6     98.9
[2019-01-07 21:41:47] (INFO) 320/400 2.004e+01 7.370e+01      0.3      1.7     38.9     45.0     71.7     94.6     98.9
[2019-01-07 21:41:53] (INFO) 330/400 2.001e+01 7.387e+01      0.3      1.7     38.5     45.1     71.8     94.6     98.9
[2019-01-07 21:41:59] (INFO) 340/400 1.996e+01 7.405e+01      0.3      1.7     38.2     45.2     71.8     94.6     98.9
[2019-01-07 21:42:05] (INFO) 350/400 1.988e+01 7.424e+01      0.3      1.7     38.0     45.2     71.9     94.6     98.9
[2019-01-07 21:42:09] (INFO) 360/400 1.974e+01 7.444e+01      0.3      1.7     37.7     45.2     71.8     94.6     98.9
[2019-01-07 21:42:14] (INFO) 370/400 1.953e+01 7.468e+01      0.3      1.7     37.5     45.3     71.9     94.6     98.8
[2019-01-07 21:42:18] (INFO) 380/400 1.932e+01 7.493e+01      0.3      1.7     37.3     45.3     72.0     94.6     98.8
[2019-01-07 21:42:22] (INFO) 390/400 1.923e+01 7.513e+01      0.3      1.7     37.1     45.3     72.0     94.6     98.8
[2019-01-07 21:42:27] (INFO) 400/400 1.917e+01 7.528e+01      0.3      1.7     36.9     45.3     72.1     94.6     98.8
[2019-01-07 21:42:27] (INFO) sobol reduced result of dimension 85 :
[2019-01-07 21:42:27] (INFO) acc2: 72.055,	 MSE 75.277 
[2019-01-07 21:42:27] (INFO) Start sobol trainning of dimension 90
[2019-01-07 21:42:27] (INFO) Using GPU acceleration
[2019-01-07 21:42:27] (INFO) Epoch        Loss  MeaSquE  MeaSigE  MeaUnsE  MaxRelE    Acc1%    Acc2%    Acc5%   Acc10%
[2019-01-07 21:42:33] (INFO) 10/400 3.628e+02 1.107e+03      4.2      7.4     78.4      9.7     18.7     43.7     75.3
[2019-01-07 21:42:39] (INFO) 20/400 7.252e+02 9.403e+02      0.8      6.4     74.0     12.1     24.1     53.4     81.3
[2019-01-07 21:42:45] (INFO) 30/400 2.175e+02 4.785e+02      2.3      4.9     81.4     14.4     27.8     62.7     89.7
[2019-01-07 21:42:50] (INFO) 40/400 2.596e+02 2.806e+02      0.9      3.6     50.7     19.7     38.6     76.5     94.7
[2019-01-07 21:42:54] (INFO) 50/400 2.520e+02 3.593e+02      3.4      4.5     40.7     16.2     31.5     67.3     91.0
[2019-01-07 21:42:58] (INFO) 60/400 7.417e+01 9.838e+01      0.4      2.2     40.3     33.0     59.5     91.4     98.9
[2019-01-07 21:43:02] (INFO) 70/400 5.837e+01 8.601e+01      0.3      2.0     41.3     35.8     62.5     92.8     99.0
[2019-01-07 21:43:07] (INFO) 80/400 5.028e+01 8.061e+01      0.3      2.0     42.1     37.0     64.1     93.5     99.1
[2019-01-07 21:43:11] (INFO) 90/400 4.617e+01 7.674e+01      0.3      1.9     42.2     38.4     65.7     93.9     99.2
[2019-01-07 21:43:15] (INFO) 100/400 4.354e+01 7.405e+01      0.2      1.9     42.1     39.2     67.0     94.1     99.3
[2019-01-07 21:43:20] (INFO) 110/400 4.000e+01 7.273e+01      0.2      1.8     41.7     39.7     67.7     94.2     99.4
[2019-01-07 21:43:25] (INFO) 120/400 3.795e+01 7.131e+01      0.2      1.8     41.9     40.2     68.2     94.3     99.4
[2019-01-07 21:43:31] (INFO) 130/400 3.712e+01 7.162e+01      0.2      1.8     41.6     40.2     68.5     94.3     99.4
[2019-01-07 21:43:36] (INFO) 140/400 4.206e+01 7.004e+01     -0.0      1.8     40.8     40.4     68.8     94.4     99.4
[2019-01-07 21:43:42] (INFO) 150/400 5.826e+01 7.019e+01     -0.3      1.8     39.9     39.8     68.5     94.6     99.4
[2019-01-07 21:43:48] (INFO) 160/400 3.331e+01 6.536e+01      0.1      1.7     40.0     42.5     71.0     94.9     99.4
[2019-01-07 21:43:54] (INFO) 170/400 3.361e+01 6.485e+01      0.1      1.7     39.8     42.7     71.2     94.9     99.4
[2019-01-07 21:44:00] (INFO) 180/400 3.385e+01 6.450e+01      0.1      1.7     39.6     43.0     71.4     95.0     99.4
[2019-01-07 21:44:06] (INFO) 190/400 3.398e+01 6.425e+01      0.1      1.7     39.5     43.1     71.5     95.0     99.5
[2019-01-07 21:44:11] (INFO) 200/400 3.406e+01 6.407e+01      0.1      1.7     39.5     43.3     71.6     95.0     99.5
[2019-01-07 21:44:17] (INFO) 210/400 3.409e+01 6.392e+01      0.1      1.7     39.5     43.5     71.7     95.0     99.5
[2019-01-07 21:44:23] (INFO) 220/400 3.407e+01 6.379e+01      0.1      1.7     39.5     43.6     71.7     95.0     99.5
[2019-01-07 21:44:29] (INFO) 230/400 3.400e+01 6.368e+01      0.1      1.7     39.6     43.7     71.7     95.0     99.5
[2019-01-07 21:44:35] (INFO) 240/400 3.392e+01 6.359e+01      0.1      1.7     39.6     43.8     71.7     95.0     99.5
[2019-01-07 21:44:41] (INFO) 250/400 3.381e+01 6.350e+01      0.1      1.7     39.6     43.9     71.8     95.1     99.5
[2019-01-07 21:44:46] (INFO) 260/400 3.367e+01 6.343e+01      0.1      1.7     39.7     44.0     71.9     95.1     99.5
[2019-01-07 21:44:52] (INFO) 270/400 3.345e+01 6.335e+01      0.1      1.7     39.7     44.1     71.9     95.1     99.5
[2019-01-07 21:44:58] (INFO) 280/400 3.331e+01 6.327e+01      0.1      1.7     39.8     44.1     72.0     95.1     99.5
[2019-01-07 21:45:04] (INFO) 290/400 3.333e+01 6.318e+01      0.1      1.7     39.8     44.1     72.0     95.1     99.5
[2019-01-07 21:45:10] (INFO) 300/400 3.343e+01 6.308e+01      0.1      1.7     39.8     44.2     72.0     95.2     99.5
[2019-01-07 21:45:16] (INFO) 310/400 3.344e+01 6.299e+01      0.1      1.7     39.9     44.2     72.1     95.2     99.5
[2019-01-07 21:45:22] (INFO) 320/400 3.337e+01 6.291e+01      0.1      1.7     39.9     44.2     72.2     95.2     99.5
[2019-01-07 21:45:27] (INFO) 330/400 3.324e+01 6.285e+01      0.1      1.7     40.0     44.3     72.3     95.2     99.5
[2019-01-07 21:45:33] (INFO) 340/400 3.306e+01 6.278e+01      0.1      1.7     40.0     44.3     72.3     95.2     99.5
[2019-01-07 21:45:39] (INFO) 350/400 3.298e+01 6.271e+01      0.1      1.7     40.1     44.3     72.4     95.2     99.5
[2019-01-07 21:45:45] (INFO) 360/400 3.285e+01 6.266e+01      0.1      1.7     40.2     44.4     72.4     95.3     99.5
[2019-01-07 21:45:51] (INFO) 370/400 3.265e+01 6.260e+01      0.1      1.7     40.2     44.4     72.4     95.3     99.5
[2019-01-07 21:45:57] (INFO) 380/400 3.251e+01 6.254e+01      0.1      1.7     40.3     44.5     72.5     95.3     99.4
[2019-01-07 21:46:02] (INFO) 390/400 3.239e+01 6.248e+01      0.1      1.7     40.3     44.5     72.5     95.3     99.4
[2019-01-07 21:46:08] (INFO) 400/400 3.223e+01 6.241e+01      0.1      1.7     40.4     44.5     72.6     95.3     99.4
[2019-01-07 21:46:08] (INFO) sobol reduced result of dimension 90 :
[2019-01-07 21:46:08] (INFO) acc2: 72.566,	 MSE 62.409 
[2019-01-07 21:46:08] (INFO) Start sobol trainning of dimension 95
[2019-01-07 21:46:09] (INFO) Using GPU acceleration
[2019-01-07 21:46:09] (INFO) Epoch        Loss  MeaSquE  MeaSigE  MeaUnsE  MaxRelE    Acc1%    Acc2%    Acc5%   Acc10%
[2019-01-07 21:46:13] (INFO) 10/400 1.026e+03 1.351e+03      6.9      8.8     76.8      8.1     16.5     39.3     65.9
[2019-01-07 21:46:22] (INFO) 20/400 5.719e+02 7.903e+02      5.9      7.3    106.4     10.6     20.6     48.5     77.0
[2019-01-07 21:46:29] (INFO) 30/400 4.166e+02 6.269e+02      4.2      6.0     91.2     11.8     23.3     53.7     83.9
[2019-01-07 21:46:35] (INFO) 40/400 5.073e+02 4.911e+02      4.7      5.7     94.4     13.9     27.4     59.1     85.9
[2019-01-07 21:46:41] (INFO) 50/400 1.523e+02 3.893e+02      2.6      5.0     69.3     15.9     30.7     65.3     88.9
[2019-01-07 21:46:47] (INFO) 60/400 5.712e+01 1.542e+02      1.7      2.9     41.5     22.8     44.7     87.1     97.9
[2019-01-07 21:46:53] (INFO) 70/400 4.660e+01 1.428e+02      1.5      2.7     41.4     24.3     47.2     88.6     98.1
[2019-01-07 21:46:59] (INFO) 80/400 4.062e+01 1.380e+02      1.3      2.6     38.7     25.5     49.5     89.5     98.1
[2019-01-07 21:47:04] (INFO) 90/400 3.860e+01 1.358e+02      1.3      2.6     45.7     26.5     50.5     90.1     98.3
[2019-01-07 21:47:11] (INFO) 100/400 3.719e+01 1.633e+02      1.1      2.6     63.5     27.2     51.5     90.2     98.2
[2019-01-07 21:47:17] (INFO) 110/400 3.568e+01 1.714e+02      1.0      2.5     74.3     27.8     52.7     90.6     98.2
[2019-01-07 21:47:22] (INFO) 120/400 3.454e+01 1.846e+02      0.9      2.5     79.1     28.4     53.8     90.9     98.2
[2019-01-07 21:47:27] (INFO) 130/400 3.379e+01 2.049e+02      0.8      2.5     83.7     28.8     54.9     91.0     98.3
[2019-01-07 21:47:33] (INFO) 140/400 3.181e+01 2.100e+02      0.7      2.5     93.1     29.5     55.8     91.3     98.4
[2019-01-07 21:47:38] (INFO) 150/400 3.062e+01 2.230e+02      0.6      2.4    104.6     30.6     57.4     91.4     98.3
[2019-01-07 21:47:44] (INFO) 160/400 2.867e+01 2.107e+02      0.2      2.2    106.6     38.2     64.5     92.3     98.2
[2019-01-07 21:47:50] (INFO) 170/400 2.869e+01 2.117e+02      0.2      2.2    106.3     38.6     64.8     92.3     98.2
[2019-01-07 21:47:56] (INFO) 180/400 2.850e+01 2.120e+02      0.2      2.2    105.9     38.9     65.1     92.4     98.2
[2019-01-07 21:48:02] (INFO) 190/400 2.825e+01 2.119e+02      0.2      2.2    105.6     39.0     65.2     92.4     98.1
[2019-01-07 21:48:08] (INFO) 200/400 2.793e+01 2.124e+02      0.2      2.2    105.4     39.2     65.3     92.4     98.1
[2019-01-07 21:48:13] (INFO) 210/400 2.762e+01 2.129e+02      0.2      2.2    105.2     39.3     65.4     92.4     98.1
[2019-01-07 21:48:19] (INFO) 220/400 2.733e+01 2.136e+02      0.2      2.2    105.1     39.3     65.5     92.4     98.1
[2019-01-07 21:48:25] (INFO) 230/400 2.702e+01 2.141e+02      0.2      2.2    104.9     39.4     65.5     92.4     98.1
[2019-01-07 21:48:31] (INFO) 240/400 2.673e+01 2.143e+02      0.2      2.2    104.5     39.4     65.6     92.4     98.1
[2019-01-07 21:48:36] (INFO) 250/400 2.645e+01 2.139e+02      0.2      2.2    103.5     39.5     65.5     92.4     98.1
[2019-01-07 21:48:42] (INFO) 260/400 2.616e+01 2.129e+02      0.2      2.2    102.2     39.6     65.6     92.4     98.1
[2019-01-07 21:48:47] (INFO) 270/400 2.586e+01 2.117e+02      0.2      2.2    100.8     39.6     65.6     92.4     98.1
[2019-01-07 21:48:53] (INFO) 280/400 2.554e+01 2.103e+02      0.2      2.2     99.5     39.7     65.7     92.4     98.1
[2019-01-07 21:48:59] (INFO) 290/400 2.521e+01 2.087e+02      0.2      2.2     98.2     39.7     65.8     92.4     98.1
[2019-01-07 21:49:05] (INFO) 300/400 2.488e+01 2.069e+02      0.2      2.2     97.0     39.8     65.9     92.5     98.1
[2019-01-07 21:49:11] (INFO) 310/400 2.453e+01 2.049e+02      0.2      2.2     95.8     39.8     66.0     92.5     98.1
[2019-01-07 21:49:16] (INFO) 320/400 2.422e+01 2.029e+02      0.2      2.2     94.5     39.9     66.1     92.5     98.1
[2019-01-07 21:49:22] (INFO) 330/400 2.394e+01 2.008e+02      0.2      2.2     93.3     39.9     66.1     92.5     98.1
[2019-01-07 21:49:28] (INFO) 340/400 2.369e+01 1.988e+02      0.2      2.2     92.2     39.9     66.2     92.5     98.1
[2019-01-07 21:49:34] (INFO) 350/400 2.349e+01 1.967e+02      0.2      2.1     91.0     40.0     66.3     92.6     98.1
[2019-01-07 21:49:40] (INFO) 360/400 2.332e+01 1.944e+02      0.2      2.1     89.9     40.0     66.3     92.6     98.2
[2019-01-07 21:49:46] (INFO) 370/400 2.316e+01 1.922e+02      0.2      2.1     88.7     40.0     66.3     92.6     98.2
[2019-01-07 21:49:51] (INFO) 380/400 2.301e+01 1.899e+02      0.2      2.1     87.4     40.1     66.4     92.6     98.2
[2019-01-07 21:49:57] (INFO) 390/400 2.286e+01 1.876e+02      0.2      2.1     86.0     40.2     66.4     92.6     98.2
[2019-01-07 21:50:03] (INFO) 400/400 2.270e+01 1.853e+02      0.2      2.1     84.7     40.2     66.4     92.6     98.2
[2019-01-07 21:50:03] (INFO) sobol reduced result of dimension 95 :
[2019-01-07 21:50:03] (INFO) acc2: 66.441,	 MSE 185.318 
[2019-01-07 21:50:03] (INFO) Start sobol trainning of dimension 100
[2019-01-07 21:50:03] (INFO) Using GPU acceleration
[2019-01-07 21:50:04] (INFO) Epoch        Loss  MeaSquE  MeaSigE  MeaUnsE  MaxRelE    Acc1%    Acc2%    Acc5%   Acc10%
[2019-01-07 21:50:10] (INFO) 10/400 1.987e+03 2.165e+03     10.7     11.7     99.6      6.7     13.1     30.8     55.6
[2019-01-07 21:50:16] (INFO) 20/400 8.555e+02 1.039e+03      6.6      7.6     66.6      7.8     15.2     39.3     72.9
[2019-01-07 21:50:22] (INFO) 30/400 5.099e+02 5.595e+02      3.8      5.7    116.7     12.0     24.1     57.0     85.5
[2019-01-07 21:50:27] (INFO) 40/400 2.733e+02 5.534e+02      4.8      6.0     84.6     11.0     22.3     52.5     84.1
[2019-01-07 21:50:33] (INFO) 50/400 2.387e+02 3.150e+02     -0.5      4.1     73.6     17.3     33.9     72.0     93.7
[2019-01-07 21:50:39] (INFO) 60/400 1.666e+02 1.365e+02      1.3      2.6     61.3     26.5     50.8     89.0     98.0
[2019-01-07 21:50:45] (INFO) 70/400 1.266e+02 1.242e+02      1.3      2.5     46.9     27.4     52.2     90.4     98.5
[2019-01-07 21:50:51] (INFO) 80/400 9.047e+01 1.189e+02      1.2      2.4     47.0     28.1     53.6     91.0     98.7
[2019-01-07 21:50:57] (INFO) 90/400 6.781e+01 1.179e+02      1.2      2.4     47.0     28.7     54.7     91.4     98.7
[2019-01-07 21:51:02] (INFO) 100/400 5.512e+01 1.145e+02      1.1      2.3     42.5     30.5     56.7     91.7     98.7
[2019-01-07 21:51:08] (INFO) 110/400 4.851e+01 1.079e+02      0.8      2.2     47.1     33.0     59.7     92.1     98.7
[2019-01-07 21:51:14] (INFO) 120/400 4.465e+01 1.093e+02      0.9      2.2     51.4     33.2     60.2     92.2     98.5
[2019-01-07 21:51:20] (INFO) 130/400 4.371e+01 1.004e+02      0.6      2.1     53.9     35.6     62.4     92.5     98.6
[2019-01-07 21:51:26] (INFO) 140/400 4.010e+01 1.010e+02      0.6      2.1     57.3     35.5     62.6     92.6     98.4
[2019-01-07 21:51:32] (INFO) 150/400 3.855e+01 1.033e+02      0.5      2.1     54.1     36.4     62.9     92.3     98.3
[2019-01-07 21:51:37] (INFO) 160/400 3.668e+01 9.573e+01      0.2      2.0     51.0     38.8     65.2     92.9     98.4
[2019-01-07 21:51:43] (INFO) 170/400 3.563e+01 9.564e+01      0.2      2.0     49.9     39.2     65.4     92.9     98.4
[2019-01-07 21:51:49] (INFO) 180/400 3.492e+01 9.561e+01      0.2      2.0     49.2     39.3     65.6     93.0     98.4
[2019-01-07 21:51:55] (INFO) 190/400 3.406e+01 9.545e+01      0.2      2.0     48.4     39.4     65.6     93.0     98.5
[2019-01-07 21:52:01] (INFO) 200/400 3.344e+01 9.539e+01      0.2      2.0     47.6     39.6     65.7     93.0     98.4
[2019-01-07 21:52:06] (INFO) 210/400 3.301e+01 9.532e+01      0.2      2.0     46.9     39.7     65.7     93.0     98.5
[2019-01-07 21:52:12] (INFO) 220/400 3.266e+01 9.530e+01      0.2      2.0     46.3     39.7     65.8     93.1     98.5
[2019-01-07 21:52:18] (INFO) 230/400 3.233e+01 9.538e+01      0.2      2.0     45.8     39.8     65.8     93.1     98.5
[2019-01-07 21:52:24] (INFO) 240/400 3.195e+01 9.551e+01      0.2      2.0     45.4     39.9     65.8     93.0     98.5
[2019-01-07 21:52:30] (INFO) 250/400 3.160e+01 9.561e+01      0.2      2.0     45.0     39.9     65.8     93.0     98.5
[2019-01-07 21:52:35] (INFO) 260/400 3.136e+01 9.580e+01      0.2      2.0     44.7     39.8     65.9     93.0     98.5
[2019-01-07 21:52:41] (INFO) 270/400 3.113e+01 9.609e+01      0.2      2.0     44.4     39.8     65.9     93.0     98.5
[2019-01-07 21:52:47] (INFO) 280/400 3.090e+01 9.645e+01      0.2      2.0     44.0     39.9     65.9     92.9     98.5
[2019-01-07 21:52:53] (INFO) 290/400 3.065e+01 9.705e+01      0.2      2.0     43.4     39.9     65.9     92.9     98.5
[2019-01-07 21:52:59] (INFO) 300/400 3.039e+01 9.738e+01      0.2      2.0     42.9     39.9     66.0     92.9     98.5
[2019-01-07 21:53:04] (INFO) 310/400 3.011e+01 9.807e+01      0.2      2.0     42.5     39.9     66.0     92.8     98.5
[2019-01-07 21:53:09] (INFO) 320/400 2.982e+01 9.866e+01      0.2      2.0     42.1     39.9     66.0     92.8     98.5
[2019-01-07 21:53:15] (INFO) 330/400 2.953e+01 9.933e+01      0.2      2.0     41.8     39.9     66.1     92.7     98.4
[2019-01-07 21:53:21] (INFO) 340/400 2.923e+01 1.000e+02      0.2      2.0     41.5     39.9     66.2     92.7     98.4
[2019-01-07 21:53:27] (INFO) 350/400 2.891e+01 1.007e+02      0.2      2.0     41.2     39.9     66.2     92.7     98.3
[2019-01-07 21:53:33] (INFO) 360/400 2.857e+01 1.014e+02      0.2      2.0     41.0     40.1     66.3     92.7     98.3
[2019-01-07 21:53:39] (INFO) 370/400 2.823e+01 1.022e+02      0.2      2.0     40.8     40.1     66.3     92.7     98.3
[2019-01-07 21:53:44] (INFO) 380/400 2.791e+01 1.030e+02      0.2      2.0     40.6     40.2     66.3     92.7     98.3
[2019-01-07 21:53:50] (INFO) 390/400 2.761e+01 1.038e+02      0.2      2.0     40.3     40.2     66.3     92.7     98.3
[2019-01-07 21:53:56] (INFO) 400/400 2.730e+01 1.046e+02      0.2      2.0     40.4     40.2     66.4     92.7     98.2
[2019-01-07 21:53:56] (INFO) sobol reduced result of dimension 100 :
[2019-01-07 21:53:56] (INFO) acc2: 66.379,	 MSE 104.632 
[2019-01-07 21:53:56] (INFO) Start sobol trainning of dimension 105
[2019-01-07 21:53:56] (INFO) Using GPU acceleration
[2019-01-07 21:53:56] (INFO) Epoch        Loss  MeaSquE  MeaSigE  MeaUnsE  MaxRelE    Acc1%    Acc2%    Acc5%   Acc10%
[2019-01-07 21:54:02] (INFO) 10/400 2.455e+02 1.508e+03      1.0      8.5     66.4      7.5     14.7     35.4     65.0
[2019-01-07 21:54:08] (INFO) 20/400 5.400e+02 5.723e+02     -0.3      5.4     57.8     11.2     22.4     54.3     88.0
[2019-01-07 21:54:14] (INFO) 30/400 2.609e+02 3.555e+02      1.6      4.2     65.4     16.4     32.5     68.9     94.1
[2019-01-07 21:54:20] (INFO) 40/400 9.476e+01 2.762e+02      1.8      3.7     51.0     17.7     35.2     74.9     95.5
[2019-01-07 21:54:26] (INFO) 50/400 4.293e+02 3.501e+02      0.6      4.1     46.7     17.6     34.5     70.8     93.2
[2019-01-07 21:54:31] (INFO) 60/400 2.618e+01 1.360e+02      1.3      2.5     33.7     25.9     50.1     90.0     98.5
[2019-01-07 21:54:37] (INFO) 70/400 2.160e+01 1.250e+02      1.2      2.4     36.2     27.5     53.1     91.3     98.6
[2019-01-07 21:54:43] (INFO) 80/400 2.057e+01 1.243e+02      1.2      2.4     43.8     28.3     54.5     91.8     98.7
[2019-01-07 21:54:48] (INFO) 90/400 2.171e+01 1.205e+02      1.1      2.3     44.8     29.7     56.5     92.3     98.7
[2019-01-07 21:54:54] (INFO) 100/400 2.111e+01 1.163e+02      1.0      2.2     45.1     31.4     58.4     92.5     98.6
[2019-01-07 21:55:02] (INFO) 110/400 2.112e+01 1.138e+02      0.9      2.2     47.5     32.4     59.9     92.6     98.6
[2019-01-07 21:55:09] (INFO) 120/400 2.115e+01 1.133e+02      0.8      2.2     48.6     32.3     60.6     93.0     98.5
[2019-01-07 21:55:17] (INFO) 130/400 2.316e+01 1.106e+02      0.9      2.2     51.1     32.9     60.7     93.0     98.6
[2019-01-07 21:55:23] (INFO) 140/400 2.243e+01 1.133e+02      0.7      2.2     52.5     33.4     61.6     93.2     98.6
[2019-01-07 21:55:29] (INFO) 150/400 3.598e+01 1.163e+02      1.1      2.3     48.9     29.1     56.9     93.0     98.7
[2019-01-07 21:55:35] (INFO) 160/400 2.173e+01 9.460e+01      0.4      1.9     52.5     39.4     67.8     94.2     98.8
[2019-01-07 21:55:43] (INFO) 170/400 2.154e+01 9.381e+01      0.4      1.9     52.5     39.9     68.2     94.3     98.8
[2019-01-07 21:55:50] (INFO) 180/400 2.158e+01 9.341e+01      0.4      1.9     52.0     40.2     68.3     94.2     98.8
[2019-01-07 21:55:58] (INFO) 190/400 2.164e+01 9.316e+01      0.4      1.9     51.7     40.3     68.5     94.3     98.8
[2019-01-07 21:56:06] (INFO) 200/400 2.170e+01 9.284e+01      0.4      1.9     51.4     40.4     68.7     94.3     98.8
[2019-01-07 21:56:12] (INFO) 210/400 2.177e+01 9.258e+01      0.4      1.9     51.5     40.4     68.8     94.4     98.9
[2019-01-07 21:56:18] (INFO) 220/400 2.179e+01 9.263e+01      0.4      1.9     51.9     40.5     68.8     94.4     98.9
[2019-01-07 21:56:24] (INFO) 230/400 2.174e+01 9.287e+01      0.4      1.9     53.0     40.5     68.9     94.4     98.9
[2019-01-07 21:56:30] (INFO) 240/400 2.168e+01 9.289e+01      0.4      1.9     54.0     40.6     69.0     94.4     98.9
[2019-01-07 21:56:35] (INFO) 250/400 2.157e+01 9.293e+01      0.4      1.9     55.2     40.7     68.9     94.5     98.9
[2019-01-07 21:56:41] (INFO) 260/400 2.140e+01 9.316e+01      0.4      1.9     57.0     40.8     69.0     94.5     98.9
[2019-01-07 21:56:47] (INFO) 270/400 2.122e+01 9.334e+01      0.4      1.9     58.7     40.9     69.0     94.6     98.9
[2019-01-07 21:56:53] (INFO) 280/400 2.107e+01 9.342e+01      0.4      1.9     59.5     41.0     69.2     94.6     98.9
[2019-01-07 21:56:59] (INFO) 290/400 2.090e+01 9.364e+01      0.4      1.9     60.3     41.0     69.2     94.6     98.9
[2019-01-07 21:57:05] (INFO) 300/400 2.074e+01 9.383e+01      0.4      1.9     60.8     41.1     69.2     94.6     98.9
[2019-01-07 21:57:10] (INFO) 310/400 2.059e+01 9.421e+01      0.4      1.9     61.3     41.1     69.3     94.7     98.9
[2019-01-07 21:57:16] (INFO) 320/400 2.041e+01 9.466e+01      0.3      1.9     61.6     41.2     69.2     94.7     98.9
[2019-01-07 21:57:22] (INFO) 330/400 2.022e+01 9.511e+01      0.3      1.9     61.8     41.2     69.3     94.7     98.9
[2019-01-07 21:57:28] (INFO) 340/400 2.003e+01 9.552e+01      0.3      1.9     61.8     41.3     69.3     94.7     98.8
[2019-01-07 21:57:34] (INFO) 350/400 1.984e+01 9.590e+01      0.3      1.9     61.7     41.4     69.4     94.7     98.8
[2019-01-07 21:57:40] (INFO) 360/400 1.966e+01 9.629e+01      0.3      1.9     61.7     41.4     69.5     94.7     98.8
[2019-01-07 21:57:46] (INFO) 370/400 1.947e+01 9.642e+01      0.3      1.9     61.4     41.5     69.6     94.7     98.8
[2019-01-07 21:57:52] (INFO) 380/400 1.928e+01 9.658e+01      0.3      1.9     61.1     41.6     69.6     94.7     98.8
[2019-01-07 21:57:57] (INFO) 390/400 1.909e+01 9.686e+01      0.3      1.9     60.9     41.7     69.7     94.7     98.8
[2019-01-07 21:58:03] (INFO) 400/400 1.891e+01 9.711e+01      0.3      1.9     60.7     41.7     69.7     94.7     98.8
[2019-01-07 21:58:03] (INFO) sobol reduced result of dimension 105 :
[2019-01-07 21:58:03] (INFO) acc2: 69.702,	 MSE 97.112 
[2019-01-07 21:58:03] (INFO) Start sobol trainning of dimension 110
[2019-01-07 21:58:04] (INFO) Using GPU acceleration
[2019-01-07 21:58:04] (INFO) Epoch        Loss  MeaSquE  MeaSigE  MeaUnsE  MaxRelE    Acc1%    Acc2%    Acc5%   Acc10%
[2019-01-07 21:58:08] (INFO) 10/400 7.209e+02 9.559e+02      2.2      7.1     74.8     10.3     20.5     47.7     77.4
[2019-01-07 21:58:13] (INFO) 20/400 5.565e+02 5.649e+02      0.0      5.5     78.0     12.3     25.1     60.1     87.2
[2019-01-07 21:58:19] (INFO) 30/400 3.550e+02 3.393e+02      0.7      4.3     59.9     16.2     32.2     70.2     92.8
[2019-01-07 21:58:25] (INFO) 40/400 3.222e+02 2.734e+02      1.7      3.6     48.7     20.4     39.1     76.6     94.5
[2019-01-07 21:58:31] (INFO) 50/400 9.902e+01 2.209e+02      1.7      3.4     57.5     22.6     42.1     78.6     95.9
[2019-01-07 21:58:36] (INFO) 60/400 4.038e+01 1.144e+02      1.4      2.4     46.7     27.8     52.4     91.4     98.9
[2019-01-07 21:58:42] (INFO) 70/400 3.459e+01 9.912e+01      1.1      2.2     49.2     30.4     56.8     92.9     99.2
[2019-01-07 21:58:48] (INFO) 80/400 3.118e+01 1.020e+02      1.1      2.2     48.6     30.2     57.1     92.8     99.2
[2019-01-07 21:58:54] (INFO) 90/400 3.270e+01 9.396e+01      0.9      2.1     46.0     32.2     59.5     93.3     99.2
[2019-01-07 21:59:02] (INFO) 100/400 3.758e+01 1.044e+02      1.2      2.2     45.1     30.4     57.5     92.7     99.2
[2019-01-07 21:59:09] (INFO) 110/400 3.465e+01 1.010e+02      1.1      2.1     43.7     31.6     59.1     93.0     99.3
[2019-01-07 21:59:15] (INFO) 120/400 2.962e+01 9.277e+01      0.9      2.1     42.5     33.4     60.8     93.3     99.4
[2019-01-07 21:59:21] (INFO) 130/400 3.015e+01 9.169e+01      0.8      2.0     42.7     34.6     62.5     93.4     99.4
[2019-01-07 21:59:26] (INFO) 140/400 2.807e+01 9.545e+01      0.9      2.0     41.8     33.7     62.2     93.5     99.3
[2019-01-07 21:59:32] (INFO) 150/400 2.810e+01 1.049e+02      1.1      2.1     41.1     32.1     59.8     93.2     99.0
[2019-01-07 21:59:38] (INFO) 160/400 2.803e+01 8.235e+01      0.4      1.8     40.7     41.6     68.2     94.6     99.3
[2019-01-07 21:59:44] (INFO) 170/400 2.804e+01 8.185e+01      0.4      1.8     40.5     41.9     68.5     94.6     99.3
[2019-01-07 21:59:49] (INFO) 180/400 2.796e+01 8.174e+01      0.4      1.8     40.4     42.2     68.7     94.6     99.3
[2019-01-07 21:59:55] (INFO) 190/400 2.780e+01 8.201e+01      0.4      1.8     40.5     42.3     68.8     94.6     99.3
[2019-01-07 22:00:01] (INFO) 200/400 2.759e+01 8.256e+01      0.4      1.8     40.6     42.5     68.9     94.6     99.2
[2019-01-07 22:00:07] (INFO) 210/400 2.738e+01 8.344e+01      0.4      1.8     40.7     42.6     69.0     94.6     99.2
[2019-01-07 22:00:13] (INFO) 220/400 2.722e+01 8.421e+01      0.4      1.8     40.8     42.7     69.0     94.5     99.1
[2019-01-07 22:00:19] (INFO) 230/400 2.702e+01 8.491e+01      0.4      1.8     40.9     42.8     69.0     94.5     99.1
[2019-01-07 22:00:24] (INFO) 240/400 2.678e+01 8.631e+01      0.4      1.8     41.0     42.9     69.1     94.5     99.1
[2019-01-07 22:00:30] (INFO) 250/400 2.654e+01 8.785e+01      0.4      1.8     41.3     42.9     69.1     94.5     99.0
[2019-01-07 22:00:36] (INFO) 260/400 2.629e+01 8.978e+01      0.4      1.8     41.6     43.0     69.1     94.4     99.0
[2019-01-07 22:00:44] (INFO) 270/400 2.604e+01 9.143e+01      0.3      1.8     41.7     43.0     69.1     94.4     98.9
[2019-01-07 22:00:50] (INFO) 280/400 2.580e+01 9.298e+01      0.3      1.8     42.0     43.1     69.2     94.5     98.9
[2019-01-07 22:00:56] (INFO) 290/400 2.554e+01 9.424e+01      0.3      1.8     42.3     43.1     69.2     94.4     98.9
[2019-01-07 22:01:03] (INFO) 300/400 2.529e+01 9.541e+01      0.3      1.8     42.5     43.2     69.2     94.5     98.9
[2019-01-07 22:01:09] (INFO) 310/400 2.509e+01 9.731e+01      0.3      1.8     42.7     43.2     69.3     94.4     98.9
[2019-01-07 22:01:15] (INFO) 320/400 2.487e+01 9.866e+01      0.3      1.8     42.9     43.2     69.3     94.4     98.9
[2019-01-07 22:01:21] (INFO) 330/400 2.470e+01 9.994e+01      0.3      1.8     43.2     43.2     69.4     94.4     98.9
[2019-01-07 22:01:29] (INFO) 340/400 2.456e+01 1.005e+02      0.3      1.8     43.3     43.2     69.4     94.4     98.8
[2019-01-07 22:01:36] (INFO) 350/400 2.443e+01 1.011e+02      0.3      1.8     43.6     43.2     69.4     94.4     98.8
[2019-01-07 22:01:42] (INFO) 360/400 2.432e+01 1.012e+02      0.3      1.8     43.7     43.2     69.4     94.4     98.8
[2019-01-07 22:01:48] (INFO) 370/400 2.417e+01 1.020e+02      0.3      1.8     44.0     43.3     69.4     94.4     98.8
[2019-01-07 22:01:54] (INFO) 380/400 2.405e+01 1.025e+02      0.3      1.8     44.2     43.3     69.4     94.4     98.8
[2019-01-07 22:02:00] (INFO) 390/400 2.389e+01 1.031e+02      0.3      1.8     44.4     43.3     69.4     94.4     98.8
[2019-01-07 22:02:06] (INFO) 400/400 2.377e+01 1.035e+02      0.3      1.8     44.7     43.2     69.4     94.4     98.8
[2019-01-07 22:02:06] (INFO) sobol reduced result of dimension 110 :
[2019-01-07 22:02:06] (INFO) acc2: 69.445,	 MSE 103.532 
[2019-01-07 22:02:06] (INFO) [(52.470913814526156, tensor(218.4677)), (67.53642832937987, tensor(142.9334)), (69.7136563876652, tensor(71.6645)), (69.01332881509093, tensor(94.7573)), (68.43725290861855, tensor(89.8150)), (72.05467073308482, tensor(75.2765)), (72.56579690500395, tensor(62.4093)), (66.44075454648141, tensor(185.3181)), (66.37862871343047, tensor(104.6322)), (69.70236078165594, tensor(97.1123)), (69.44538574494523, tensor(103.5322))]
